alexandria_msr_b4v3 "No Title"
new_chicago_v1d "No Title"
ts_antrodome "The Antrodome"
ts_awaken "No Title"
ts_bikini "No Title"
ts_casa "Casa - By Schmung"
ts_central "Central Station - By Schmung"
ts_dietrich "TS_Dietrich - By Schmung"
ts_dojo "No Title"
ts_faculty "The Specialists Academy - By Schmung"
ts_fall "No Title"
ts_frigid "No Title"
ts_gpc "No Title"
ts_hammertime "No Title"
ts_henningsen "No Title"
ts_henny2 "No Title"
ts_heresy "Heresy by manah"
ts_kissmeyerbasic "No Title"
ts_lobby "No Title"
ts_lobbyduel "No Title"
ts_metro "No Title"
ts_neobaroque "Ts_NeoBaroque"
ts_panzibar "No Title"
ts_parking "No Title"
ts_rundown "No Title"
ts_supertimor "No Title"
ts_theatre "No Title"
ts_trident "No Title"
ts_urbannights "No Title"
ts_wyndham "TS_Wyndam by Lois_Must_Die"
xenoncity_final "No Title"
